#
# A fatal error has been detected by the Java Runtime Environment:
#
#  EXCEPTION_STACK_OVERFLOW (0xc00000fd) at pc=0x0000000059e9d277, pid=9256, tid=0x0000000000002658
#
# JRE version: OpenJDK Runtime Environment (8.0_202-b03) (build 1.8.0_202-release-1483-b03)
# Java VM: OpenJDK 64-Bit Server VM (25.202-b03 mixed mode windows-amd64 compressed oops)
# Problematic frame:
# V  [jvm.dll+0x1ed277]
#
# Failed to write core dump. Minidumps are not enabled by default on client versions of Windows
#
# If you would like to submit a bug report, please visit:
#   http://bugreport.java.com/bugreport/crash.jsp
#

---------------  T H R E A D  ---------------

Current thread (0x000000001943c800):  JavaThread "ForkJoinPool.commonPool-worker-1" daemon [_thread_in_vm, id=9816, stack(0x0000000024bf0000,0x0000000024cf0000)]

siginfo: ExceptionCode=0xc00000fd, ExceptionInformation=0x0000000000000001 0x0000000024ceb400 

Registers:
RAX=0x0000000024ceb400, RBX=0x0000000000000005, RCX=0x0000000000004000, RDX=0x0000000000000006
RSP=0x0000000024cef400, RBP=0x0000000000000000, RSI=0x0000000024cef400, RDI=0x0000000000000005
R8 =0x0000000000000006, R9 =0x000000001ffcf5f0, R10=0x00000000231b04b8, R11=0x0000000024bfa190
R12=0x000000001ffcf5f0, R13=0x000000001943c800, R14=0x0000000024cef4c8, R15=0x00000000231b04b8
RIP=0x0000000059e9d277, EFLAGS=0x0000000000010206

Top of Stack: (sp=0x0000000024cef400)
0x0000000024cef400:   0000000024cef520 00000001000068d0
0x0000000024cef410:   000000001943c800 000000001ffcf5f0
0x0000000024cef420:   00000000ffffffff 0000000059e9e1a7
0x0000000024cef430:   0000000024cef530 00000000231b04b8
0x0000000024cef440:   000000001943c800 0000000059d4bd23
0x0000000024cef450:   0000000024cef490 000000001943c800
0x0000000024cef460:   0000000024cef520 000000001943c800
0x0000000024cef470:   00000000231b04b8 000000001943c800
0x0000000024cef480:   00000000025c3920 000000001943c800
0x0000000024cef490:   00000000231b04b8 000000001943c800
0x0000000024cef4a0:   00000000159ae6d8 000000001943c800
0x0000000024cef4b0:   0000000000000001 00000000231b04b8
0x0000000024cef4c0:   000000001943c800 00000000255ac630
0x0000000024cef4d0:   000000001943c800 0000000059d4d48d
0x0000000024cef4e0:   0000000024cef7e8 00000001000068d0
0x0000000024cef4f0:   0000000100555c90 0000000000000000 

Instructions: (pc=0x0000000059e9d277)
0x0000000059e9d257:   48 89 6c 24 30 33 ed 66 90 e8 2b d4 07 00 ff c3
0x0000000059e9d267:   48 63 c8 48 8b c6 48 0f af cf 48 ff c7 48 2b c1
0x0000000059e9d277:   89 28 48 63 c3 48 3b 05 f5 94 57 00 7e db 48 8b
0x0000000059e9d287:   6c 24 30 48 8b 5c 24 38 48 8b 74 24 40 48 83 c4 


Register to memory mapping:

RAX=0x0000000024ceb400 is pointing into the stack for thread: 0x000000001943c800
RBX=0x0000000000000005 is an unknown value
RCX=0x0000000000004000 is an unknown value
RDX=0x0000000000000006 is an unknown value
RSP=0x0000000024cef400 is pointing into the stack for thread: 0x000000001943c800
RBP=0x0000000000000000 is an unknown value
RSI=0x0000000024cef400 is pointing into the stack for thread: 0x000000001943c800
RDI=0x0000000000000005 is an unknown value
R8 =0x0000000000000006 is an unknown value
R9 =0x000000001ffcf5f0 is an unknown value
R10={method} {0x00000000231b04c0} 'run' '()V' in 'java/util/concurrent/ForkJoinWorkerThread'
R11=0x0000000024bfa190 is pointing into the stack for thread: 0x000000001943c800
R12=0x000000001ffcf5f0 is an unknown value
R13=0x000000001943c800 is a thread
R14=0x0000000024cef4c8 is pointing into the stack for thread: 0x000000001943c800
R15={method} {0x00000000231b04c0} 'run' '()V' in 'java/util/concurrent/ForkJoinWorkerThread'


Stack: [0x0000000024bf0000,0x0000000024cf0000],  sp=0x0000000024cef400,  free space=1021k
Native frames: (J=compiled Java code, j=interpreted, Vv=VM code, C=native code)


---------------  P R O C E S S  ---------------

Java Threads: ( => current thread )
=>0x000000001943c800 JavaThread "ForkJoinPool.commonPool-worker-1" daemon [_thread_in_vm, id=9816, stack(0x0000000024bf0000,0x0000000024cf0000)]
  0x0000000019443800 JavaThread "ForkJoinPool.commonPool-worker-0" daemon [_thread_blocked, id=10096, stack(0x0000000029800000,0x0000000029900000)]
  0x0000000019442800 JavaThread "WorkerExecutor Queue Thread 7" [_thread_blocked, id=444, stack(0x00000000295f0000,0x00000000296f0000)]
  0x000000001943b000 JavaThread "WorkerExecutor Queue Thread 6" [_thread_blocked, id=10348, stack(0x0000000029a40000,0x0000000029b40000)]
  0x0000000019442000 JavaThread "WorkerExecutor Queue Thread 5" [_thread_blocked, id=4016, stack(0x00000000294f0000,0x00000000295f0000)]
  0x000000001943a800 JavaThread "WorkerExecutor Queue Thread 4" [_thread_blocked, id=7152, stack(0x00000000293f0000,0x00000000294f0000)]
  0x0000000019441000 JavaThread "WorkerExecutor Queue Thread 3" [_thread_blocked, id=1120, stack(0x0000000029090000,0x0000000029190000)]
  0x000000001943f000 JavaThread "Cache worker for Java compile cache (C:\Users\User\AndroidStudioProjects\Team8MemoryGame\.gradle\5.4.1\javaCompile)" [_thread_blocked, id=8440, stack(0x0000000028f90000,0x0000000029090000)]
  0x000000001c641800 JavaThread "WorkerExecutor Queue Thread 2" [_thread_blocked, id=17244, stack(0x0000000028c90000,0x0000000028d90000)]
  0x000000001c63f000 JavaThread "stdout" [_thread_in_native, id=18052, stack(0x0000000028990000,0x0000000028a90000)]
  0x000000001c63e800 JavaThread "stderr" [_thread_in_native, id=1316, stack(0x0000000028270000,0x0000000028370000)]
  0x000000001c640800 JavaThread "pool-72-thread-1" [_thread_blocked, id=19608, stack(0x0000000027f70000,0x0000000028070000)]
  0x000000001c643000 JavaThread "WorkerExecutor Queue" [_thread_blocked, id=18600, stack(0x0000000027e70000,0x0000000027f70000)]
  0x000000001c640000 JavaThread "Cache worker for execution history cache (C:\Users\User\AndroidStudioProjects\Team8MemoryGame\.gradle\5.4.1\executionHistory)" [_thread_blocked, id=7500, stack(0x00000000278d0000,0x00000000279d0000)]
  0x000000001c636000 JavaThread "Cache worker for file content cache (C:\Users\User\AndroidStudioProjects\Team8MemoryGame\.gradle\5.4.1\fileContent)" [_thread_blocked, id=3044, stack(0x0000000024320000,0x0000000024420000)]
  0x000000001c63a800 JavaThread "Cache worker for Build Output Cleanup Cache (C:\Users\User\AndroidStudioProjects\Team8MemoryGame\.gradle\buildOutputCleanup)" [_thread_blocked, id=14764, stack(0x0000000022cf0000,0x0000000022df0000)]
  0x000000001c634000 JavaThread "Build operations Thread 8" [_thread_blocked, id=17312, stack(0x0000000022bf0000,0x0000000022cf0000)]
  0x000000001c635800 JavaThread "Build operations Thread 7" [_thread_blocked, id=12984, stack(0x0000000022af0000,0x0000000022bf0000)]
  0x000000001c63a000 JavaThread "Build operations Thread 6" [_thread_blocked, id=1600, stack(0x00000000229f0000,0x0000000022af0000)]
  0x000000001e800000 JavaThread "Build operations Thread 5" [_thread_blocked, id=17808, stack(0x00000000228f0000,0x00000000229f0000)]
  0x000000001e805800 JavaThread "Build operations Thread 4" [_thread_blocked, id=7820, stack(0x00000000227f0000,0x00000000228f0000)]
  0x000000001e803000 JavaThread "Build operations Thread 3" [_thread_blocked, id=17036, stack(0x00000000226f0000,0x00000000227f0000)]
  0x000000001e802800 JavaThread "Build operations Thread 2" [_thread_blocked, id=4484, stack(0x00000000225f0000,0x00000000226f0000)]
  0x000000001e7fb000 JavaThread "Build operations" [_thread_blocked, id=15012, stack(0x00000000222b0000,0x00000000223b0000)]
  0x000000001e7ff800 JavaThread "Cache worker for cache directory md-rule (C:\Users\User\.gradle\caches\5.4.1\md-rule)" [_thread_blocked, id=10580, stack(0x000000001fb00000,0x000000001fc00000)]
  0x000000001e7fb800 JavaThread "Cache worker for cache directory md-supplier (C:\Users\User\.gradle\caches\5.4.1\md-supplier)" [_thread_blocked, id=17416, stack(0x000000001fa00000,0x000000001fb00000)]
  0x000000001e7fe800 JavaThread "Cache worker for file hash cache (C:\Users\User\AndroidStudioProjects\Team8MemoryGame\.gradle\5.4.1\fileHashes)" [_thread_blocked, id=12916, stack(0x000000001b790000,0x000000001b890000)]
  0x000000001e7fc800 JavaThread "Thread-1248" [_thread_blocked, id=3972, stack(0x000000001b690000,0x000000001b790000)]
  0x000000001e7fa000 JavaThread "Stdin handler" [_thread_blocked, id=18520, stack(0x000000001b590000,0x000000001b690000)]
  0x000000001e7f7000 JavaThread "Asynchronous log dispatcher for DefaultDaemonConnection: socket connection from /127.0.0.1:63556 to /127.0.0.1:50237" [_thread_blocked, id=19016, stack(0x000000001b290000,0x000000001b390000)]
  0x000000001e7f9800 JavaThread "Daemon worker Thread 33" [_thread_blocked, id=11776, stack(0x000000001b190000,0x000000001b290000)]
  0x000000001e7f8000 JavaThread "Cancel handler" [_thread_blocked, id=20188, stack(0x0000000000950000,0x0000000000a50000)]
  0x000000001e7f8800 JavaThread "Handler for socket connection from /127.0.0.1:63556 to /127.0.0.1:50237" [_thread_in_native, id=5512, stack(0x0000000000850000,0x0000000000950000)]
  0x000000001e7fd000 JavaThread "Daemon Thread 33" [_thread_blocked, id=11200, stack(0x0000000000750000,0x0000000000850000)]
  0x000000001943f800 JavaThread "Cache worker for Java compile cache (C:\Users\User\.gradle\caches\5.4.1\javaCompile)" [_thread_blocked, id=7348, stack(0x00000000271d0000,0x00000000272d0000)]
  0x000000001a099000 JavaThread "Cache worker for file content cache (C:\Users\User\.gradle\caches\5.4.1\fileContent)" [_thread_blocked, id=4900, stack(0x00000000248e0000,0x00000000249e0000)]
  0x0000000020503800 JavaThread "Memory manager" [_thread_blocked, id=17404, stack(0x00000000235f0000,0x00000000236f0000)]
  0x00000000204fe800 JavaThread "Cache worker for execution history cache (C:\Users\User\.gradle\caches\5.4.1\executionHistory)" [_thread_blocked, id=4796, stack(0x0000000021db0000,0x0000000021eb0000)]
  0x000000001a097800 JavaThread "Cache worker for journal cache (C:\Users\User\.gradle\caches\journal-1)" [_thread_blocked, id=8628, stack(0x000000001cd60000,0x000000001ce60000)]
  0x000000001a09a800 JavaThread "File lock request listener" [_thread_in_native, id=16896, stack(0x000000001cc60000,0x000000001cd60000)]
  0x000000001a09a000 JavaThread "Cache worker for file hash cache (C:\Users\User\.gradle\caches\5.4.1\fileHashes)" [_thread_blocked, id=1336, stack(0x000000001cb60000,0x000000001cc60000)]
  0x0000000019a6e000 JavaThread "Daemon periodic checks" [_thread_blocked, id=18020, stack(0x000000001b090000,0x000000001b190000)]
  0x0000000019a6b000 JavaThread "Incoming local TCP Connector on port 63556" [_thread_in_native, id=512, stack(0x000000001ae50000,0x000000001af50000)]
  0x000000001a26a800 JavaThread "Daemon health stats" [_thread_blocked, id=836, stack(0x000000001a810000,0x000000001a910000)]
  0x00000000181fe800 JavaThread "Service Thread" daemon [_thread_blocked, id=14484, stack(0x0000000018e40000,0x0000000018f40000)]
  0x000000001817d000 JavaThread "C1 CompilerThread3" daemon [_thread_blocked, id=6576, stack(0x0000000018d40000,0x0000000018e40000)]
  0x0000000018175000 JavaThread "C2 CompilerThread2" daemon [_thread_blocked, id=13444, stack(0x0000000018c40000,0x0000000018d40000)]
  0x000000001816c800 JavaThread "C2 CompilerThread1" daemon [_thread_blocked, id=8860, stack(0x0000000018b40000,0x0000000018c40000)]
  0x000000001816a800 JavaThread "C2 CompilerThread0" daemon [_thread_blocked, id=1092, stack(0x0000000018a40000,0x0000000018b40000)]
  0x0000000018166000 JavaThread "Attach Listener" daemon [_thread_blocked, id=13424, stack(0x0000000018940000,0x0000000018a40000)]
  0x0000000018165000 JavaThread "Signal Dispatcher" daemon [_thread_blocked, id=9132, stack(0x0000000018840000,0x0000000018940000)]
  0x0000000018160800 JavaThread "Finalizer" daemon [_thread_blocked, id=20180, stack(0x0000000018640000,0x0000000018740000)]
  0x0000000002527800 JavaThread "Reference Handler" daemon [_thread_blocked, id=15200, stack(0x0000000018540000,0x0000000018640000)]
  0x00000000025ae000 JavaThread "main" [_thread_blocked, id=17388, stack(0x00000000022d0000,0x00000000023d0000)]

Other Threads:
  0x0000000016368000 VMThread [stack: 0x0000000018040000,0x0000000018140000] [id=14996]
  0x00000000181b4000 WatcherThread [stack: 0x0000000018f40000,0x0000000019040000] [id=17456]

VM state:synchronizing (normal execution)

VM Mutex/Monitor currently owned by a thread:  ([mutex/lock_event])
[0x00000000025ad430] Threads_lock - owner thread: 0x0000000016368000

OutOfMemory and StackOverflow Exception counts:
OutOfMemoryError java_heap_errors=1
StackOverflowErrors=1

heap address: 0x00000000a0000000, size: 1536 MB, Compressed Oops mode: 32-bit
Narrow klass base: 0x0000000000000000, Narrow klass shift: 3
Compressed class space size: 1073741824 Address: 0x0000000100000000

Heap:
 PSYoungGen      total 265728K, used 60275K [0x00000000e0000000, 0x00000000f9780000, 0x0000000100000000)
  eden space 226304K, 26% used [0x00000000e0000000,0x00000000e3adcd90,0x00000000edd00000)
  from space 39424K, 0% used [0x00000000edd00000,0x00000000edd00000,0x00000000f0380000)
  to   space 81920K, 0% used [0x00000000f4780000,0x00000000f4780000,0x00000000f9780000)
 ParOldGen       total 182272K, used 137775K [0x00000000a0000000, 0x00000000ab200000, 0x00000000e0000000)
  object space 182272K, 75% used [0x00000000a0000000,0x00000000a868bc50,0x00000000ab200000)
 Metaspace       used 93569K, capacity 99721K, committed 100940K, reserved 1136640K
  class space    used 11805K, capacity 12838K, committed 13184K, reserved 1048576K

Card table byte_map: [0x0000000011970000,0x0000000011c80000] byte_map_base: 0x0000000011470000

Marking Bits: (ParMarkBitMap*) 0x000000005a479f30
 Begin Bits: [0x0000000012680000, 0x0000000013e80000)
 End Bits:   [0x0000000013e80000, 0x0000000015680000)

Polling page: 0x0000000000b10000

CodeCache: size=245760Kb used=75840Kb max_used=75857Kb free=169919Kb
 bounds [0x00000000025b0000, 0x0000000007050000, 0x00000000115b0000]
 total_blobs=21781 nmethods=20923 adapters=770
 compilation: enabled

Compilation events (10 events):
Event: 10354.424 Thread 0x000000001816c800 27968       4       java.lang.StackTraceElement::equals (80 bytes)
Event: 10354.430 Thread 0x000000001817d000 27969  s    3       java.lang.Throwable::getCause (17 bytes)
Event: 10354.453 Thread 0x000000001817d000 nmethod 27969 0x0000000003cca350 code [0x0000000003cca4c0, 0x0000000003cca7d0]
Event: 10354.454 Thread 0x000000001816c800 nmethod 27968 0x00000000038fcf50 code [0x00000000038fd0a0, 0x00000000038fd478]
Event: 10354.461 Thread 0x000000001817d000 27970       3       java.io.ObjectStreamClass::access$502 (7 bytes)
Event: 10354.461 Thread 0x000000001817d000 nmethod 27970 0x0000000003cc9f50 code [0x0000000003cca0a0, 0x0000000003cca1f0]
Event: 10354.473 Thread 0x0000000018175000 27971       4       java.lang.Class::reflectionData (49 bytes)
Event: 10354.475 Thread 0x000000001816a800 27972       4       java.lang.Throwable::<init> (34 bytes)
Event: 10354.482 Thread 0x000000001816a800 nmethod 27972 0x0000000002f4d650 code [0x0000000002f4d7a0, 0x0000000002f4d858]
Event: 10354.482 Thread 0x000000001817d000 27973       3       org.gradle.internal.logging.events.StyledTextOutputEvent::render (55 bytes)

GC Heap History (10 events):
Event: 8802.294 GC heap before
{Heap before GC invocations=52 (full 4):
 PSYoungGen      total 242688K, used 215949K [0x00000000e0000000, 0x00000000f2380000, 0x0000000100000000)
  eden space 200704K, 99% used [0x00000000e0000000,0x00000000ec3ff5f8,0x00000000ec400000)
  from space 41984K, 36% used [0x00000000ec400000,0x00000000ed2e40a0,0x00000000eed00000)
  to   space 40960K, 0% used [0x00000000efb80000,0x00000000efb80000,0x00000000f2380000)
 ParOldGen       total 182272K, used 67418K [0x00000000a0000000, 0x00000000ab200000, 0x00000000e0000000)
  object space 182272K, 36% used [0x00000000a0000000,0x00000000a41d6a10,0x00000000ab200000)
 Metaspace       used 93733K, capacity 100345K, committed 100684K, reserved 1136640K
  class space    used 11888K, capacity 13031K, committed 13184K, reserved 1048576K
Event: 8802.318 GC heap after
Heap after GC invocations=52 (full 4):
 PSYoungGen      total 253440K, used 22655K [0x00000000e0000000, 0x00000000f2080000, 0x0000000100000000)
  eden space 215552K, 0% used [0x00000000e0000000,0x00000000e0000000,0x00000000ed280000)
  from space 37888K, 59% used [0x00000000efb80000,0x00000000f119fc10,0x00000000f2080000)
  to   space 39936K, 0% used [0x00000000ed280000,0x00000000ed280000,0x00000000ef980000)
 ParOldGen       total 182272K, used 67426K [0x00000000a0000000, 0x00000000ab200000, 0x00000000e0000000)
  object space 182272K, 36% used [0x00000000a0000000,0x00000000a41d8a10,0x00000000ab200000)
 Metaspace       used 93733K, capacity 100345K, committed 100684K, reserved 1136640K
  class space    used 11888K, capacity 13031K, committed 13184K, reserved 1048576K
}
Event: 8905.593 GC heap before
{Heap before GC invocations=53 (full 4):
 PSYoungGen      total 253440K, used 238207K [0x00000000e0000000, 0x00000000f2080000, 0x0000000100000000)
  eden space 215552K, 100% used [0x00000000e0000000,0x00000000ed280000,0x00000000ed280000)
  from space 37888K, 59% used [0x00000000efb80000,0x00000000f119fc10,0x00000000f2080000)
  to   space 39936K, 0% used [0x00000000ed280000,0x00000000ed280000,0x00000000ef980000)
 ParOldGen       total 182272K, used 67428K [0x00000000a0000000, 0x00000000ab200000, 0x00000000e0000000)
  object space 182272K, 36% used [0x00000000a0000000,0x00000000a41d90f0,0x00000000ab200000)
 Metaspace       used 93756K, capacity 100409K, committed 100684K, reserved 1136640K
  class space    used 11888K, capacity 13031K, committed 13184K, reserved 1048576K
Event: 8905.725 GC heap after
Heap after GC invocations=53 (full 4):
 PSYoungGen      total 255488K, used 16928K [0x00000000e0000000, 0x00000000f2a00000, 0x0000000100000000)
  eden space 215552K, 0% used [0x00000000e0000000,0x00000000e0000000,0x00000000ed280000)
  from space 39936K, 42% used [0x00000000ed280000,0x00000000ee3080c0,0x00000000ef980000)
  to   space 38400K, 0% used [0x00000000f0480000,0x00000000f0480000,0x00000000f2a00000)
 ParOldGen       total 182272K, used 67940K [0x00000000a0000000, 0x00000000ab200000, 0x00000000e0000000)
  object space 182272K, 37% used [0x00000000a0000000,0x00000000a42590f0,0x00000000ab200000)
 Metaspace       used 93756K, capacity 100409K, committed 100684K, reserved 1136640K
  class space    used 11888K, capacity 13031K, committed 13184K, reserved 1048576K
}
Event: 10343.575 GC heap before
{Heap before GC invocations=54 (full 4):
 PSYoungGen      total 255488K, used 232480K [0x00000000e0000000, 0x00000000f2a00000, 0x0000000100000000)
  eden space 215552K, 100% used [0x00000000e0000000,0x00000000ed280000,0x00000000ed280000)
  from space 39936K, 42% used [0x00000000ed280000,0x00000000ee3080c0,0x00000000ef980000)
  to   space 38400K, 0% used [0x00000000f0480000,0x00000000f0480000,0x00000000f2a00000)
 ParOldGen       total 182272K, used 67940K [0x00000000a0000000, 0x00000000ab200000, 0x00000000e0000000)
  object space 182272K, 37% used [0x00000000a0000000,0x00000000a42590f0,0x00000000ab200000)
 Metaspace       used 93836K, capacity 100549K, committed 100940K, reserved 1136640K
  class space    used 11889K, capacity 13033K, committed 13184K, reserved 1048576K
Event: 10343.799 GC heap after
Heap after GC invocations=54 (full 4):
 PSYoungGen      total 264704K, used 27678K [0x00000000e0000000, 0x00000000f2a00000, 0x0000000100000000)
  eden space 226304K, 0% used [0x00000000e0000000,0x00000000e0000000,0x00000000edd00000)
  from space 38400K, 72% used [0x00000000f0480000,0x00000000f1f87820,0x00000000f2a00000)
  to   space 39424K, 0% used [0x00000000edd00000,0x00000000edd00000,0x00000000f0380000)
 ParOldGen       total 182272K, used 68644K [0x00000000a0000000, 0x00000000ab200000, 0x00000000e0000000)
  object space 182272K, 37% used [0x00000000a0000000,0x00000000a43090f0,0x00000000ab200000)
 Metaspace       used 93836K, capacity 100549K, committed 100940K, reserved 1136640K
  class space    used 11889K, capacity 13033K, committed 13184K, reserved 1048576K
}
Event: 10347.343 GC heap before
{Heap before GC invocations=55 (full 4):
 PSYoungGen      total 264704K, used 252828K [0x00000000e0000000, 0x00000000f2a00000, 0x0000000100000000)
  eden space 226304K, 99% used [0x00000000e0000000,0x00000000edbdf9e0,0x00000000edd00000)
  from space 38400K, 72% used [0x00000000f0480000,0x00000000f1f87820,0x00000000f2a00000)
  to   space 39424K, 0% used [0x00000000edd00000,0x00000000edd00000,0x00000000f0380000)
 ParOldGen       total 182272K, used 68644K [0x00000000a0000000, 0x00000000ab200000, 0x00000000e0000000)
  object space 182272K, 37% used [0x00000000a0000000,0x00000000a43090f0,0x00000000ab200000)
 Metaspace       used 93865K, capacity 100561K, committed 100940K, reserved 1136640K
  class space    used 11889K, capacity 13033K, committed 13184K, reserved 1048576K
Event: 10347.720 GC heap after
Heap after GC invocations=55 (full 4):
 PSYoungGen      total 265728K, used 39415K [0x00000000e0000000, 0x00000000f9780000, 0x0000000100000000)
  eden space 226304K, 0% used [0x00000000e0000000,0x00000000e0000000,0x00000000edd00000)
  from space 39424K, 99% used [0x00000000edd00000,0x00000000f037de08,0x00000000f0380000)
  to   space 81920K, 0% used [0x00000000f4780000,0x00000000f4780000,0x00000000f9780000)
 ParOldGen       total 182272K, used 169850K [0x00000000a0000000, 0x00000000ab200000, 0x00000000e0000000)
  object space 182272K, 93% used [0x00000000a0000000,0x00000000aa5de9d8,0x00000000ab200000)
 Metaspace       used 93865K, capacity 100561K, committed 100940K, reserved 1136640K
  class space    used 11889K, capacity 13033K, committed 13184K, reserved 1048576K
}
Event: 10347.721 GC heap before
{Heap before GC invocations=56 (full 5):
 PSYoungGen      total 265728K, used 39415K [0x00000000e0000000, 0x00000000f9780000, 0x0000000100000000)
  eden space 226304K, 0% used [0x00000000e0000000,0x00000000e0000000,0x00000000edd00000)
  from space 39424K, 99% used [0x00000000edd00000,0x00000000f037de08,0x00000000f0380000)
  to   space 81920K, 0% used [0x00000000f4780000,0x00000000f4780000,0x00000000f9780000)
 ParOldGen       total 182272K, used 169850K [0x00000000a0000000, 0x00000000ab200000, 0x00000000e0000000)
  object space 182272K, 93% used [0x00000000a0000000,0x00000000aa5de9d8,0x00000000ab200000)
 Metaspace       used 93865K, capacity 100561K, committed 100940K, reserved 1136640K
  class space    used 11889K, capacity 13033K, committed 13184K, reserved 1048576K
Event: 10353.278 GC heap after
Heap after GC invocations=56 (full 5):
 PSYoungGen      total 265728K, used 0K [0x00000000e0000000, 0x00000000f9780000, 0x0000000100000000)
  eden space 226304K, 0% used [0x00000000e0000000,0x00000000e0000000,0x00000000edd00000)
  from space 39424K, 0% used [0x00000000edd00000,0x00000000edd00000,0x00000000f0380000)
  to   space 81920K, 0% used [0x00000000f4780000,0x00000000f4780000,0x00000000f9780000)
 ParOldGen       total 182272K, used 137775K [0x00000000a0000000, 0x00000000ab200000, 0x00000000e0000000)
  object space 182272K, 75% used [0x00000000a0000000,0x00000000a868bc50,0x00000000ab200000)
 Metaspace       used 93443K, capacity 99553K, committed 100940K, reserved 1136640K
  class space    used 11787K, capacity 12810K, committed 13184K, reserved 1048576K
}

Deoptimization events (10 events):
Event: 10341.711 Thread 0x000000001c639000 Uncommon trap: reason=array_check action=maybe_recompile pc=0x0000000003a162dc method=java.util.ComparableTimSort.mergeHi(IIII)V @ 654
Event: 10345.066 Thread 0x0000000019441000 Uncommon trap: reason=array_check action=maybe_recompile pc=0x0000000006df3710 method=java.util.TimSort.mergeLo(IIII)V @ 590
Event: 10345.067 Thread 0x0000000019441000 Uncommon trap: reason=array_check action=maybe_recompile pc=0x0000000006df0d04 method=java.util.TimSort.mergeHi(IIII)V @ 657
Event: 10347.265 Thread 0x000000001943a800 Uncommon trap: reason=unstable_if action=reinterpret pc=0x0000000002e602e8 method=com.android.tools.build.apkzlib.bytestorage.ChunkBasedByteStorage$1.doWrite([BII)V @ 110
Event: 10353.992 Thread 0x000000001943a800 Uncommon trap: reason=unstable_if action=reinterpret pc=0x000000000535ba14 method=com.google.common.io.Closer.close()V @ 72
Event: 10354.212 Thread 0x000000001c639000 Uncommon trap: reason=class_check action=maybe_recompile pc=0x000000000552ffcc method=java.util.Formatter$FixedString.print(Ljava/lang/Object;Ljava/util/Locale;)V @ 11
Event: 10354.214 Thread 0x000000001c639000 Uncommon trap: reason=class_check action=maybe_recompile pc=0x000000000552ffcc method=java.util.Formatter$FixedString.print(Ljava/lang/Object;Ljava/util/Locale;)V @ 11
Event: 10354.415 Thread 0x000000001c639000 Uncommon trap: reason=class_check action=maybe_recompile pc=0x000000000552ffcc method=java.util.Formatter$FixedString.print(Ljava/lang/Object;Ljava/util/Locale;)V @ 11
Event: 10354.415 Thread 0x000000001c639000 Uncommon trap: reason=class_check action=maybe_recompile pc=0x000000000552ffcc method=java.util.Formatter$FixedString.print(Ljava/lang/Object;Ljava/util/Locale;)V @ 11
Event: 10354.481 Thread 0x0000000019443800 Uncommon trap: reason=unstable_if action=reinterpret pc=0x0000000005e048d4 method=org.gradle.internal.operations.DefaultBuildOperationListenerManager$ProgressShieldingBuildOperationListener.progress(Lorg/gradle/internal/operations/OperationIdentifier;Lorg

Classes redefined (0 events):
No events

Internal exceptions (10 events):
Event: 10345.380 Thread 0x0000000019441000 Exception <a 'sun/nio/fs/WindowsException'> (0x00000000e2951ec0) thrown at [D:\src\AOSP-openjdk-cygwin\jdk8u\hotspot\src\share\vm\prims\jni.cpp, line 710]
Event: 10346.692 Thread 0x0000000019442000 Exception <a 'sun/nio/fs/WindowsException'> (0x00000000e2fc3c28) thrown at [D:\src\AOSP-openjdk-cygwin\jdk8u\hotspot\src\share\vm\prims\jni.cpp, line 710]
Event: 10346.766 Thread 0x0000000019445000 Exception <a 'sun/nio/fs/WindowsException'> (0x00000000e3bfa880) thrown at [D:\src\AOSP-openjdk-cygwin\jdk8u\hotspot\src\share\vm\prims\jni.cpp, line 710]
Event: 10353.798 Thread 0x000000001943a800 Exception <a 'java/lang/OutOfMemoryError'> (0x00000000e3073450) thrown at [D:\src\AOSP-openjdk-cygwin\jdk8u\hotspot\src\share\vm\prims\jni.cpp, line 736]
Event: 10354.233 Thread 0x000000001e7fc800 Exception <a 'java/lang/NoSuchMethodError': <clinit>> (0x00000000e080d1f8) thrown at [D:\src\AOSP-openjdk-cygwin\jdk8u\hotspot\src\share\vm\prims\jni.cpp, line 1614]
Event: 10354.235 Thread 0x000000001e7fc800 Exception <a 'java/lang/NoSuchMethodError': <clinit>> (0x00000000e343ba18) thrown at [D:\src\AOSP-openjdk-cygwin\jdk8u\hotspot\src\share\vm\prims\jni.cpp, line 1614]
Event: 10354.418 Thread 0x000000001e7fc800 Exception <a 'java/lang/NoSuchMethodError': <clinit>> (0x00000000e360ff70) thrown at [D:\src\AOSP-openjdk-cygwin\jdk8u\hotspot\src\share\vm\prims\jni.cpp, line 1614]
Event: 10354.445 Thread 0x000000001e7f9800 Exception <a 'sun/nio/fs/WindowsException'> (0x00000000e37c5e40) thrown at [D:\src\AOSP-openjdk-cygwin\jdk8u\hotspot\src\share\vm\prims\jni.cpp, line 710]
Event: 10354.471 Thread 0x0000000019443800 StackOverflowError at 0x00000000041973d8
Event: 10354.471 Thread 0x0000000019443800 Exception <a 'java/lang/StackOverflowError'> (0x00000000e3a22520) thrown at [D:\src\AOSP-openjdk-cygwin\jdk8u\hotspot\src\share\vm\runtime\sharedRuntime.cpp, line 605]

Events (10 events):
Event: 10354.471 Executing VM operation: RevokeBias done
Event: 10354.471 Executing VM operation: RevokeBias
Event: 10354.471 Executing VM operation: RevokeBias done
Event: 10354.472 Thread 0x000000001943c800 Thread added: 0x000000001943c800
Event: 10354.472 loading class java/lang/Throwable$WrappedPrintStream
Event: 10354.480 loading class java/lang/Throwable$WrappedPrintStream done
Event: 10354.481 Thread 0x0000000019443800 Uncommon trap: trap_request=0xffffff65 fr.pc=0x0000000005e048d4
Event: 10354.481 Thread 0x0000000019443800 DEOPT PACKING pc=0x0000000005e048d4 sp=0x00000000298fea20
Event: 10354.481 Thread 0x0000000019443800 DEOPT UNPACKING pc=0x00000000025f557b sp=0x00000000298fe9c0 mode 2
Event: 10354.482 Executing VM operation: RevokeBias


Dynamic libraries:
0x00007ff61e1b0000 - 0x00007ff61e1e1000 	D:\Android Studio\jre\bin\java.exe
0x00007ffb17ba0000 - 0x00007ffb17d90000 	C:\Windows\SYSTEM32\ntdll.dll
0x00007ffb16850000 - 0x00007ffb16902000 	C:\Windows\System32\KERNEL32.DLL
0x00007ffb154b0000 - 0x00007ffb15753000 	C:\Windows\System32\KERNELBASE.dll
0x00007ffb17aa0000 - 0x00007ffb17b43000 	C:\Windows\System32\ADVAPI32.dll
0x00007ffb17130000 - 0x00007ffb171ce000 	C:\Windows\System32\msvcrt.dll
0x00007ffb160b0000 - 0x00007ffb16147000 	C:\Windows\System32\sechost.dll
0x00007ffb15cd0000 - 0x00007ffb15df0000 	C:\Windows\System32\RPCRT4.dll
0x00007ffb16ed0000 - 0x00007ffb17064000 	C:\Windows\System32\USER32.dll
0x00007ffb15480000 - 0x00007ffb154a1000 	C:\Windows\System32\win32u.dll
0x00007ffb17a70000 - 0x00007ffb17a96000 	C:\Windows\System32\GDI32.dll
0x00007ffb158b0000 - 0x00007ffb15a44000 	C:\Windows\System32\gdi32full.dll
0x00007ffb15b00000 - 0x00007ffb15b9e000 	C:\Windows\System32\msvcp_win.dll
0x00007ffb14b30000 - 0x00007ffb14c2a000 	C:\Windows\System32\ucrtbase.dll
0x00007ffb05700000 - 0x00007ffb05985000 	C:\Windows\WinSxS\amd64_microsoft.windows.common-controls_6595b64144ccf1df_6.0.18362.535_none_e6c3b34713100821\COMCTL32.dll
0x00007ffb16150000 - 0x00007ffb16486000 	C:\Windows\System32\combase.dll
0x00007ffb15400000 - 0x00007ffb15480000 	C:\Windows\System32\bcryptPrimitives.dll
0x00007ffb15df0000 - 0x00007ffb15e1e000 	C:\Windows\System32\IMM32.DLL
0x000000005ae40000 - 0x000000005af12000 	D:\Android Studio\jre\jre\bin\msvcr100.dll
0x0000000059cb0000 - 0x000000005a4f6000 	D:\Android Studio\jre\jre\bin\server\jvm.dll
0x00007ffb16540000 - 0x00007ffb16548000 	C:\Windows\System32\PSAPI.DLL
0x00007ffb10020000 - 0x00007ffb10044000 	C:\Windows\SYSTEM32\WINMM.dll
0x00007ffb0ef70000 - 0x00007ffb0ef7a000 	C:\Windows\SYSTEM32\VERSION.dll
0x00007ffb02070000 - 0x00007ffb02079000 	C:\Windows\SYSTEM32\WSOCK32.dll
0x00007ffb169f0000 - 0x00007ffb16a5f000 	C:\Windows\System32\WS2_32.dll
0x00007ffb0fab0000 - 0x00007ffb0fadd000 	C:\Windows\SYSTEM32\WINMMBASE.dll
0x00007ffb15ba0000 - 0x00007ffb15bea000 	C:\Windows\System32\cfgmgr32.dll
0x00007ffb0fb00000 - 0x00007ffb0fb0f000 	D:\Android Studio\jre\jre\bin\verify.dll
0x00007ffb0e940000 - 0x00007ffb0e969000 	D:\Android Studio\jre\jre\bin\java.dll
0x00007ffb0eac0000 - 0x00007ffb0ead6000 	D:\Android Studio\jre\jre\bin\zip.dll
0x00007ffb17380000 - 0x00007ffb17a65000 	C:\Windows\System32\SHELL32.dll
0x00007ffb17070000 - 0x00007ffb17119000 	C:\Windows\System32\shcore.dll
0x00007ffb14c30000 - 0x00007ffb153af000 	C:\Windows\System32\windows.storage.dll
0x00007ffb14af0000 - 0x00007ffb14b0f000 	C:\Windows\System32\profapi.dll
0x00007ffb14a80000 - 0x00007ffb14aca000 	C:\Windows\System32\powrprof.dll
0x00007ffb14a70000 - 0x00007ffb14a80000 	C:\Windows\System32\UMPDC.dll
0x00007ffb16050000 - 0x00007ffb160a2000 	C:\Windows\System32\shlwapi.dll
0x00007ffb14ad0000 - 0x00007ffb14ae1000 	C:\Windows\System32\kernel.appcore.dll
0x00007ffb153e0000 - 0x00007ffb153f7000 	C:\Windows\System32\cryptsp.dll
0x00007ffb0ea90000 - 0x00007ffb0eaaa000 	D:\Android Studio\jre\jre\bin\net.dll
0x00007ffb142e0000 - 0x00007ffb14347000 	C:\Windows\system32\mswsock.dll
0x00007ffb0d9d0000 - 0x00007ffb0d9e1000 	D:\Android Studio\jre\jre\bin\nio.dll
0x00007ffb0fb40000 - 0x00007ffb0fb66000 	C:\Users\User\.gradle\native\29\windows-amd64\native-platform.dll
0x00007ffb0f410000 - 0x00007ffb0f41d000 	D:\Android Studio\jre\jre\bin\management.dll
0x00007ffb13e50000 - 0x00007ffb13e83000 	C:\Windows\system32\rsaenh.dll
0x00007ffb153b0000 - 0x00007ffb153d6000 	C:\Windows\System32\bcrypt.dll
0x00007ffb14990000 - 0x00007ffb149b5000 	C:\Windows\SYSTEM32\USERENV.dll
0x00007ffb144b0000 - 0x00007ffb144bc000 	C:\Windows\SYSTEM32\CRYPTBASE.dll
0x00007ffb13ff0000 - 0x00007ffb1402a000 	C:\Windows\SYSTEM32\IPHLPAPI.DLL
0x00007ffb17b50000 - 0x00007ffb17b58000 	C:\Windows\System32\NSI.dll
0x00007ffb09f50000 - 0x00007ffb09f66000 	C:\Windows\SYSTEM32\dhcpcsvc6.DLL
0x00007ffb0c180000 - 0x00007ffb0c19c000 	C:\Windows\SYSTEM32\dhcpcsvc.DLL
0x00007ffb14030000 - 0x00007ffb140fa000 	C:\Windows\SYSTEM32\DNSAPI.dll
0x00007ffb12570000 - 0x00007ffb12764000 	C:\Windows\SYSTEM32\dbghelp.dll

VM Arguments:
jvm_args: -Xmx1536m -Dfile.encoding=windows-1252 -Duser.country=US -Duser.language=en -Duser.variant 
java_command: org.gradle.launcher.daemon.bootstrap.GradleDaemon 5.4.1
java_class_path (initial): C:\Users\User\.gradle\wrapper\dists\gradle-5.4.1-all\3221gyojl5jsh0helicew7rwx\gradle-5.4.1\lib\gradle-launcher-5.4.1.jar
Launcher Type: SUN_STANDARD

Environment Variables:
JAVA_HOME=C:\Program Files\Java\jdk-13.0.1\bin
PATH=C:\Windows\system32;C:\Windows;C:\Windows\System32\Wbem;C:\Windows\System32\WindowsPowerShell\v1.0\;C:\Windows\System32\OpenSSH\;C:\Program Files\dotnet\;C:\Program Files\Microsoft SQL Server\130\Tools\Binn\;C:\Program Files\Microsoft SQL Server\Client SDK\ODBC\170\Tools\Binn\;C:\Program Files\Microsoft SQL Server\Client SDK\ODBC\130\Tools\Binn\;C:\Program Files (x86)\Microsoft SQL Server\140\Tools\Binn\;C:\Program Files\Microsoft SQL Server\140\Tools\Binn\;C:\Program Files\Microsoft SQL Server\140\DTS\Binn\;C:\Program Files (x86)\Microsoft SQL Server\150\DTS\Binn\;C:\Program Files\Intel\WiFi\bin\;C:\Program Files\Common Files\Intel\WirelessCommon\;C:\ProgramData\Anaconda3\Library\bin\graphviz;c:\WINDOWS\System32\WBem;C:\Program Files\Git\cmd;C:\Program Files\MySQL\MySQL Shell 8.0\bin\;C:\Users\User\AppData\Local\Programs\Python\Python37-32\Scripts\;C:\Users\User\AppData\Local\Programs\Python\Python37-32\;C:\Users\User\AppData\Local\Microsoft\WindowsApps;C:\Users\User\AppData\Local\Programs\Python\Python37-32\Scripts;C:\Users\User\AppData\Local\Programs\Python\Python37-32;C:\Users\User\AppData\Local\Programs\Python\Python37-32\Scripts;D:\IntelliJ IDEA\IntelliJ IDEA Community Edition 2019.2\bin;;D:\PyCharm\PyCharm Community Edition 2019.2\bin;;C:\Program Files\Java\jdk-13.0.1\bin;
USERNAME=User
OS=Windows_NT
PROCESSOR_IDENTIFIER=Intel64 Family 6 Model 142 Stepping 10, GenuineIntel



---------------  S Y S T E M  ---------------

OS: Windows 10.0 , 64 bit Build 18362 (10.0.18362.329)

CPU:total 8 (initial active 8) (4 cores per cpu, 2 threads per core) family 6 model 142 stepping 10, cmov, cx8, fxsr, mmx, sse, sse2, sse3, ssse3, sse4.1, sse4.2, popcnt, avx, avx2, aes, clmul, erms, 3dnowpref, lzcnt, ht, tsc, tscinvbit, bmi1, bmi2, adx

Memory: 4k page, physical 8239284k(285416k free), swap 23785904k(3848k free)

vm_info: OpenJDK 64-Bit Server VM (25.202-b03) for windows-amd64 JRE (1.8.0_202-release-1483-b03), built by "builder" with MS VC++ 10.0 (VS2010)

time: Sat Dec 21 19:03:27 2019
timezone: Malay Peninsula Standard Time
elapsed time: 10354 seconds (0d 2h 52m 34s)

